2026-03-03T23:19:58.316675Z  INFO tailwindcss_oxide::scanner: Provided sources:
2026-03-03T23:19:58.317444Z  INFO tailwindcss_oxide::scanner: Source: PublicSourceEntry { base: "C:\\Projetos\\MedLago\\medlago-app", pattern: "**/*", negated: false }
2026-03-03T23:19:58.318680Z  INFO tailwindcss_oxide::scanner: Optimized sources:
2026-03-03T23:19:58.318700Z  INFO tailwindcss_oxide::scanner: Source: Auto { base: "C:\\Projetos\\MedLago\\medlago-app" }
2026-03-03T23:19:58.320896Z  INFO discover_sources: tailwindcss_oxide::scanner: enter
2026-03-03T23:19:58.320930Z  INFO discover_sources:walk_synchronous: tailwindcss_oxide::scanner: enter
2026-03-03T23:19:58.326453Z  INFO discover_sources:walk_synchronous: tailwindcss_oxide::scanner: exit
2026-03-03T23:19:58.326878Z  INFO tailwindcss_oxide::scanner: Reading "C:\\Projetos\\MedLago\\medlago-app\\src\\app\\api\\chats\\[id]\\reactivate\\route.ts"
2026-03-03T23:19:58.326881Z  INFO tailwindcss_oxide::scanner: Reading "C:\\Projetos\\MedLago\\medlago-app\\eslint.config.mjs"
2026-03-03T23:19:58.326970Z  INFO tailwindcss_oxide::scanner: Reading "C:\\Projetos\\MedLago\\medlago-app\\src\\app\\api\\chats\\[id]\\send-message\\route.ts"
2026-03-03T23:19:58.326976Z  INFO tailwindcss_oxide::scanner: Reading "C:\\Projetos\\MedLago\\medlago-app\\next.config.ts"
2026-03-03T23:19:58.327047Z  INFO tailwindcss_oxide::scanner: Reading "C:\\Projetos\\MedLago\\medlago-app\\src\\app\\api\\chats\\[id]\\transfer\\route.ts"
2026-03-03T23:19:58.327051Z  INFO tailwindcss_oxide::scanner: Reading "C:\\Projetos\\MedLago\\medlago-app\\package.json"
2026-03-03T23:19:58.327123Z  INFO tailwindcss_oxide::scanner: Reading "C:\\Projetos\\MedLago\\medlago-app\\src\\app\\api\\users\\route.ts"
2026-03-03T23:19:58.327129Z  INFO tailwindcss_oxide::scanner: Reading "C:\\Projetos\\MedLago\\medlago-app\\postcss.config.mjs"
2026-03-03T23:19:58.327185Z  INFO tailwindcss_oxide::scanner: Reading "C:\\Projetos\\MedLago\\medlago-app\\prisma\\create_tables.sql"
2026-03-03T23:19:58.327188Z  INFO tailwindcss_oxide::scanner: Reading "C:\\Projetos\\MedLago\\medlago-app\\src\\app\\api\\users\\[id]\\reset-password\\route.ts"
2026-03-03T23:19:58.327242Z  INFO tailwindcss_oxide::scanner: Reading "C:\\Projetos\\MedLago\\medlago-app\\public\\vercel.svg"
2026-03-03T23:19:58.327263Z  INFO tailwindcss_oxide::scanner: Reading "C:\\Projetos\\MedLago\\medlago-app\\src\\app\\api\\users\\[id]\\route.ts"
2026-03-03T23:19:58.327289Z  INFO tailwindcss_oxide::scanner: Reading "C:\\Projetos\\MedLago\\medlago-app\\src\\app\\api\\auth\\login\\route.ts"
2026-03-03T23:19:58.327302Z  INFO tailwindcss_oxide::scanner: Reading "C:\\Projetos\\MedLago\\medlago-app\\prisma\\schema.prisma"
2026-03-03T23:19:58.327321Z  INFO tailwindcss_oxide::scanner: Reading "C:\\Projetos\\MedLago\\medlago-app\\public\\window.svg"
2026-03-03T23:19:58.327327Z  INFO tailwindcss_oxide::scanner: Reading "C:\\Projetos\\MedLago\\medlago-app\\src\\app\\change-password\\page.tsx"
2026-03-03T23:19:58.327327Z  INFO tailwindcss_oxide::scanner: Reading "C:\\Projetos\\MedLago\\medlago-app\\src\\app\\dashboard\\users\\page.tsx"
2026-03-03T23:19:58.327363Z  INFO tailwindcss_oxide::scanner: Reading "C:\\Projetos\\MedLago\\medlago-app\\src\\app\\api\\auth\\logout\\route.ts"
2026-03-03T23:19:58.327386Z  INFO tailwindcss_oxide::scanner: Reading "C:\\Projetos\\MedLago\\medlago-app\\README.md"
2026-03-03T23:19:58.327398Z  INFO tailwindcss_oxide::scanner: Reading "C:\\Projetos\\MedLago\\medlago-app\\prisma\\seed.ts"
2026-03-03T23:19:58.327423Z  INFO tailwindcss_oxide::scanner: Reading "C:\\Projetos\\MedLago\\medlago-app\\src\\app\\layout.tsx"
2026-03-03T23:19:58.327427Z  INFO tailwindcss_oxide::scanner: Reading "C:\\Projetos\\MedLago\\medlago-app\\src\\app\\api\\auth\\refresh\\route.ts"
2026-03-03T23:19:58.327452Z  INFO tailwindcss_oxide::scanner: Reading "C:\\Projetos\\MedLago\\medlago-app\\scripts\\setup-db.mjs"
2026-03-03T23:19:58.327450Z  INFO tailwindcss_oxide::scanner: Reading "C:\\Projetos\\MedLago\\medlago-app\\src\\lib\\auth.ts"
2026-03-03T23:19:58.327464Z  INFO tailwindcss_oxide::scanner: Reading "C:\\Projetos\\MedLago\\medlago-app\\src\\app\\dashboard\\conversations\\page.tsx"
2026-03-03T23:19:58.327526Z  INFO tailwindcss_oxide::scanner: Reading "C:\\Projetos\\MedLago\\medlago-app\\src\\lib\\evolution-api.ts"
2026-03-03T23:19:58.327464Z  INFO tailwindcss_oxide::scanner: Reading "C:\\Projetos\\MedLago\\medlago-app\\public\\file.svg"
2026-03-03T23:19:58.327577Z  INFO tailwindcss_oxide::scanner: Reading "C:\\Projetos\\MedLago\\medlago-app\\src\\app\\api\\chats\\[id]\\messages\\route.ts"
2026-03-03T23:19:58.327588Z  INFO tailwindcss_oxide::scanner: Reading "C:\\Projetos\\MedLago\\medlago-app\\src\\lib\\prisma.ts"
2026-03-03T23:19:58.327595Z  INFO tailwindcss_oxide::scanner: Reading "C:\\Projetos\\MedLago\\medlago-app\\src\\app\\dashboard\\layout.tsx"
2026-03-03T23:19:58.327603Z  INFO tailwindcss_oxide::scanner: Reading "C:\\Projetos\\MedLago\\medlago-app\\public\\globe.svg"
2026-03-03T23:19:58.327637Z  INFO tailwindcss_oxide::scanner: Reading "C:\\Projetos\\MedLago\\medlago-app\\src\\app\\page.tsx"
2026-03-03T23:19:58.327645Z  INFO tailwindcss_oxide::scanner: Reading "C:\\Projetos\\MedLago\\medlago-app\\src\\middleware.ts"
2026-03-03T23:19:58.327485Z  INFO tailwindcss_oxide::scanner: Reading "C:\\Projetos\\MedLago\\medlago-app\\src\\app\\login\\page.tsx"
2026-03-03T23:19:58.327661Z  INFO tailwindcss_oxide::scanner: Reading "C:\\Projetos\\MedLago\\medlago-app\\public\\next.svg"
2026-03-03T23:19:58.327490Z  INFO tailwindcss_oxide::scanner: Reading "C:\\Projetos\\MedLago\\medlago-app\\src\\app\\api\\chats\\route.ts"
2026-03-03T23:19:58.327683Z  INFO tailwindcss_oxide::scanner: Reading "C:\\Projetos\\MedLago\\medlago-app\\tsconfig.json"
2026-03-03T23:19:58.327512Z  INFO tailwindcss_oxide::scanner: Reading "C:\\Projetos\\MedLago\\medlago-app\\src\\app\\api\\auth\\change-password\\route.ts"
2026-03-03T23:19:58.327656Z  INFO tailwindcss_oxide::scanner: Reading "C:\\Projetos\\MedLago\\medlago-app\\src\\app\\dashboard\\page.tsx"
2026-03-03T23:19:58.327737Z  INFO tailwindcss_oxide::scanner: Reading "C:\\Projetos\\MedLago\\medlago-app\\src\\contexts\\AuthContext.tsx"
2026-03-03T23:19:58.327878Z  INFO discover_sources: tailwindcss_oxide::scanner: exit
2026-03-03T23:19:58.327894Z  INFO extract_candidates: tailwindcss_oxide::scanner: enter
2026-03-03T23:19:58.327900Z  INFO extract_candidates:parse_all_blobs: tailwindcss_oxide::scanner: enter
2026-03-03T23:19:58.327907Z  INFO extract_candidates:parse_all_blobs:extract: tailwindcss_oxide::scanner: enter
2026-03-03T23:19:58.328933Z  INFO extract_candidates:parse_all_blobs:extract: tailwindcss_oxide::scanner: exit
2026-03-03T23:19:58.328953Z  INFO extract_candidates:parse_all_blobs: tailwindcss_oxide::scanner: exit
2026-03-03T23:19:58.328959Z  INFO extract_candidates:read_all_files: tailwindcss_oxide::scanner: enter
2026-03-03T23:19:58.328962Z  INFO extract_candidates:read_all_files: tailwindcss_oxide::scanner: Reading 1 file(s)
2026-03-03T23:19:58.329036Z  INFO extract_candidates:read_all_files: tailwindcss_oxide::scanner: Reading "C:\\Projetos\\MedLago\\medlago-app\\src\\app\\globals.css"
2026-03-03T23:19:58.329043Z  INFO extract_candidates:read_all_files: tailwindcss_oxide::scanner: exit
2026-03-03T23:19:58.329049Z  INFO extract_candidates:extract_css_variables: tailwindcss_oxide::scanner: enter
2026-03-03T23:19:58.329052Z  INFO extract_candidates:extract_css_variables:extract: tailwindcss_oxide::scanner: enter
2026-03-03T23:19:58.329114Z  INFO extract_candidates:extract_css_variables:extract: tailwindcss_oxide::scanner: exit
2026-03-03T23:19:58.329128Z  INFO extract_candidates:extract_css_variables: tailwindcss_oxide::scanner: exit
2026-03-03T23:19:58.329317Z  INFO extract_candidates: tailwindcss_oxide::scanner: exit
2026-03-03T23:19:58.329787Z  INFO get_files: tailwindcss_oxide::scanner: enter
2026-03-03T23:19:58.329794Z  INFO get_files:discover_sources: tailwindcss_oxide::scanner: enter
2026-03-03T23:19:58.329797Z  INFO get_files:discover_sources: tailwindcss_oxide::scanner: exit
2026-03-03T23:19:58.329873Z  INFO get_files: tailwindcss_oxide::scanner: exit
2026-03-03T23:19:58.330124Z  INFO get_globs: tailwindcss_oxide::scanner: enter
2026-03-03T23:19:58.330170Z  INFO get_globs:discover_sources: tailwindcss_oxide::scanner: enter
2026-03-03T23:19:58.330176Z  INFO get_globs:discover_sources: tailwindcss_oxide::scanner: exit
2026-03-03T23:19:58.336049Z  INFO get_globs: tailwindcss_oxide::scanner: exit
